{"numFailedTestSuites":7,"numFailedTests":5,"numPassedTestSuites":6,"numPassedTests":10,"numPendingTestSuites":0,"numPendingTests":0,"numRuntimeErrorTestSuites":3,"numTodoTests":0,"numTotalTestSuites":13,"numTotalTests":15,"openHandles":[],"snapshot":{"added":0,"didUpdate":false,"failure":false,"filesAdded":0,"filesRemoved":0,"filesRemovedList":[],"filesUnmatched":0,"filesUpdated":0,"matched":0,"total":0,"unchecked":0,"uncheckedKeysByFile":[],"unmatched":0,"updated":0},"startTime":1765660577836,"success":false,"testResults":[{"assertionResults":[{"ancestorTitles":["Auth"],"duration":121,"failureDetails":[],"failureMessages":[],"fullName":"Auth login returns token","invocations":1,"location":null,"numPassingAsserts":1,"retryReasons":[],"status":"passed","title":"login returns token"}],"endTime":1765660578998,"message":"","name":"C:\\Users\\konhaw\\Desktop\\Uczelnia\\JS\\ProjektJS\\__tests__\\auth.test.js","startTime":1765660577920,"status":"passed","summary":""},{"assertionResults":[{"ancestorTitles":["Patches"],"duration":36,"failureDetails":[],"failureMessages":[],"fullName":"Patches GET /patches returns patches array","invocations":1,"location":null,"numPassingAsserts":1,"retryReasons":[],"status":"passed","title":"GET /patches returns patches array"},{"ancestorTitles":["Patches"],"duration":14,"failureDetails":[],"failureMessages":[],"fullName":"Patches POST /upload without file returns 401 or 400","invocations":1,"location":null,"numPassingAsserts":2,"retryReasons":[],"status":"passed","title":"POST /upload without file returns 401 or 400"},{"ancestorTitles":["Integration with fixture test.vcv (if present)"],"duration":36,"failureDetails":[{"errno":-4077,"code":"ECONNRESET","syscall":"read"}],"failureMessages":["Error: read ECONNRESET\n    at TCP.onStreamRead (node:internal/stream_base_commons:216:20)"],"fullName":"Integration with fixture test.vcv (if present) POST /upload z test.vcv dodaje patch i zwraca id","invocations":1,"location":null,"numPassingAsserts":0,"retryReasons":[],"status":"failed","title":"POST /upload z test.vcv dodaje patch i zwraca id"}],"endTime":1765660579284,"message":"  ● Integration with fixture test.vcv (if present) › POST /upload z test.vcv dodaje patch i zwraca id\n\n    read ECONNRESET\n\n\n","name":"C:\\Users\\konhaw\\Desktop\\Uczelnia\\JS\\ProjektJS\\__tests__\\patches.test.js","startTime":1765660579007,"status":"failed","summary":""},{"assertionResults":[{"ancestorTitles":["Rate limiting"],"duration":125,"failureDetails":[],"failureMessages":[],"fullName":"Rate limiting blocks after too many requests","invocations":1,"location":null,"numPassingAsserts":1,"retryReasons":[],"status":"passed","title":"blocks after too many requests"}],"endTime":1765660579562,"message":"","name":"C:\\Users\\konhaw\\Desktop\\Uczelnia\\JS\\ProjektJS\\__tests__\\rate_limit.test.js","startTime":1765660579289,"status":"passed","summary":""},{"assertionResults":[{"ancestorTitles":["Admin endpoints"],"duration":23,"failureDetails":[{"matcherResult":{"message":"expect(received).toContain(expected) // indexOf\n\nExpected value: 404\nReceived array: [200, 403, 401]","pass":false}}],"failureMessages":["Error: expect(received).toContain(expected) // indexOf\n\nExpected value: 404\nReceived array: [200, 403, 401]\n    at Object.toContain (C:\\Users\\konhaw\\Desktop\\Uczelnia\\JS\\ProjektJS\\__tests__\\admin.test.js:9:29)\n    at processTicksAndRejections (node:internal/process/task_queues:103:5)"],"fullName":"Admin endpoints GET /admin/users returns user list for admin","invocations":1,"location":null,"numPassingAsserts":0,"retryReasons":[],"status":"failed","title":"GET /admin/users returns user list for admin"},{"ancestorTitles":["Admin endpoints"],"duration":27,"failureDetails":[{"matcherResult":{"message":"expect(received).toContain(expected) // indexOf\n\nExpected value: 404\nReceived array: [200, 403, 401]","pass":false}}],"failureMessages":["Error: expect(received).toContain(expected) // indexOf\n\nExpected value: 404\nReceived array: [200, 403, 401]\n    at Object.toContain (C:\\Users\\konhaw\\Desktop\\Uczelnia\\JS\\ProjektJS\\__tests__\\admin.test.js:19:29)\n    at processTicksAndRejections (node:internal/process/task_queues:103:5)"],"fullName":"Admin endpoints GET /admin/logs returns logs for owner","invocations":1,"location":null,"numPassingAsserts":0,"retryReasons":[],"status":"failed","title":"GET /admin/logs returns logs for owner"},{"ancestorTitles":["User details"],"duration":15,"failureDetails":[],"failureMessages":[],"fullName":"User details GET /users/:id returns user data","invocations":1,"location":null,"numPassingAsserts":1,"retryReasons":[],"status":"passed","title":"GET /users/:id returns user data"},{"ancestorTitles":["Patch details"],"duration":15,"failureDetails":[],"failureMessages":[],"fullName":"Patch details GET /patches/:id returns patch data","invocations":1,"location":null,"numPassingAsserts":1,"retryReasons":[],"status":"passed","title":"GET /patches/:id returns patch data"}],"endTime":1765660579858,"message":"  ● Admin endpoints › GET /admin/users returns user list for admin\n\n    expect(received).toContain(expected) // indexOf\n\n    Expected value: 404\n    Received array: [200, 403, 401]\n\n    \u001b[0m \u001b[90m  7 |\u001b[39m       \u001b[33m.\u001b[39m\u001b[36mget\u001b[39m(\u001b[32m'/admin/users'\u001b[39m)\n     \u001b[90m  8 |\u001b[39m       \u001b[33m.\u001b[39m\u001b[36mset\u001b[39m(\u001b[32m'Authorization'\u001b[39m\u001b[33m,\u001b[39m \u001b[32m'Bearer admin-token'\u001b[39m)\u001b[33m;\u001b[39m \u001b[90m// zamień na prawidłowy token admina\u001b[39m\n    \u001b[31m\u001b[1m>\u001b[22m\u001b[39m\u001b[90m  9 |\u001b[39m     expect([\u001b[35m200\u001b[39m\u001b[33m,\u001b[39m \u001b[35m403\u001b[39m\u001b[33m,\u001b[39m \u001b[35m401\u001b[39m])\u001b[33m.\u001b[39mtoContain(res\u001b[33m.\u001b[39mstatusCode)\u001b[33m;\u001b[39m\n     \u001b[90m    |\u001b[39m                             \u001b[31m\u001b[1m^\u001b[22m\u001b[39m\n     \u001b[90m 10 |\u001b[39m     \u001b[36mif\u001b[39m (res\u001b[33m.\u001b[39mstatusCode \u001b[33m===\u001b[39m \u001b[35m200\u001b[39m) {\n     \u001b[90m 11 |\u001b[39m       expect(\u001b[33mArray\u001b[39m\u001b[33m.\u001b[39misArray(res\u001b[33m.\u001b[39mbody))\u001b[33m.\u001b[39mtoBe(\u001b[36mtrue\u001b[39m)\u001b[33m;\u001b[39m\n     \u001b[90m 12 |\u001b[39m     }\u001b[0m\n\n      at Object.toContain (__tests__/admin.test.js:9:29)\n\n  ● Admin endpoints › GET /admin/logs returns logs for owner\n\n    expect(received).toContain(expected) // indexOf\n\n    Expected value: 404\n    Received array: [200, 403, 401]\n\n    \u001b[0m \u001b[90m 17 |\u001b[39m       \u001b[33m.\u001b[39m\u001b[36mget\u001b[39m(\u001b[32m'/admin/logs'\u001b[39m)\n     \u001b[90m 18 |\u001b[39m       \u001b[33m.\u001b[39m\u001b[36mset\u001b[39m(\u001b[32m'Authorization'\u001b[39m\u001b[33m,\u001b[39m \u001b[32m'Bearer owner-token'\u001b[39m)\u001b[33m;\u001b[39m \u001b[90m// zamień na prawidłowy token właściciela\u001b[39m\n    \u001b[31m\u001b[1m>\u001b[22m\u001b[39m\u001b[90m 19 |\u001b[39m     expect([\u001b[35m200\u001b[39m\u001b[33m,\u001b[39m \u001b[35m403\u001b[39m\u001b[33m,\u001b[39m \u001b[35m401\u001b[39m])\u001b[33m.\u001b[39mtoContain(res\u001b[33m.\u001b[39mstatusCode)\u001b[33m;\u001b[39m\n     \u001b[90m    |\u001b[39m                             \u001b[31m\u001b[1m^\u001b[22m\u001b[39m\n     \u001b[90m 20 |\u001b[39m   })\u001b[33m;\u001b[39m\n     \u001b[90m 21 |\u001b[39m })\u001b[33m;\u001b[39m\n     \u001b[90m 22 |\u001b[39m\u001b[0m\n\n      at Object.toContain (__tests__/admin.test.js:19:29)\n","name":"C:\\Users\\konhaw\\Desktop\\Uczelnia\\JS\\ProjektJS\\__tests__\\admin.test.js","startTime":1765660579569,"status":"failed","summary":""},{"assertionResults":[{"ancestorTitles":["POST /patch/1/tags"],"duration":38,"failureDetails":[{"matcherResult":{"message":"expect(received).toContain(expected) // indexOf\n\nExpected value: 401\nReceived array: [200, 201, 404]","pass":false}}],"failureMessages":["Error: expect(received).toContain(expected) // indexOf\n\nExpected value: 401\nReceived array: [200, 201, 404]\n    at Object.toContain (C:\\Users\\konhaw\\Desktop\\Uczelnia\\JS\\ProjektJS\\__tests__\\tags.test.js:10:29)\n    at processTicksAndRejections (node:internal/process/task_queues:103:5)"],"fullName":"POST /patch/1/tags should respond with 404 or 200/201 (minimal test)","invocations":1,"location":null,"numPassingAsserts":0,"retryReasons":[],"status":"failed","title":"should respond with 404 or 200/201 (minimal test)"}],"endTime":1765660580082,"message":"  ● POST /patch/1/tags › should respond with 404 or 200/201 (minimal test)\n\n    expect(received).toContain(expected) // indexOf\n\n    Expected value: 401\n    Received array: [200, 201, 404]\n\n    \u001b[0m \u001b[90m  8 |\u001b[39m       \u001b[33m.\u001b[39m\u001b[36mset\u001b[39m(\u001b[32m'Authorization'\u001b[39m\u001b[33m,\u001b[39m \u001b[32m'Bearer user-token'\u001b[39m)\n     \u001b[90m  9 |\u001b[39m       \u001b[33m.\u001b[39msend({ tags\u001b[33m:\u001b[39m [\u001b[32m'test'\u001b[39m] })\u001b[33m;\u001b[39m\n    \u001b[31m\u001b[1m>\u001b[22m\u001b[39m\u001b[90m 10 |\u001b[39m     expect([\u001b[35m200\u001b[39m\u001b[33m,\u001b[39m \u001b[35m201\u001b[39m\u001b[33m,\u001b[39m \u001b[35m404\u001b[39m])\u001b[33m.\u001b[39mtoContain(res\u001b[33m.\u001b[39mstatusCode)\u001b[33m;\u001b[39m\n     \u001b[90m    |\u001b[39m                             \u001b[31m\u001b[1m^\u001b[22m\u001b[39m\n     \u001b[90m 11 |\u001b[39m   })\u001b[33m;\u001b[39m\n     \u001b[90m 12 |\u001b[39m })\u001b[33m;\u001b[39m\n     \u001b[90m 13 |\u001b[39m\u001b[0m\n\n      at Object.toContain (__tests__/tags.test.js:10:29)\n","name":"C:\\Users\\konhaw\\Desktop\\Uczelnia\\JS\\ProjektJS\\__tests__\\tags.test.js","startTime":1765660579864,"status":"failed","summary":""},{"assertionResults":[{"ancestorTitles":["Core"],"duration":17,"failureDetails":[{"matcherResult":{"message":"expect(received).toContain(expected) // indexOf\n\nExpected value: 401\nReceived array: [200, 201, 400]","pass":false}}],"failureMessages":["Error: expect(received).toContain(expected) // indexOf\n\nExpected value: 401\nReceived array: [200, 201, 400]\n    at Object.toContain (C:\\Users\\konhaw\\Desktop\\Uczelnia\\JS\\ProjektJS\\__tests__\\core.test.js:11:29)\n    at processTicksAndRejections (node:internal/process/task_queues:103:5)"],"fullName":"Core upload .vcv file","invocations":1,"location":null,"numPassingAsserts":0,"retryReasons":[],"status":"failed","title":"upload .vcv file"}],"endTime":1765660580270,"message":"  ● Core › upload .vcv file\n\n    expect(received).toContain(expected) // indexOf\n\n    Expected value: 401\n    Received array: [200, 201, 400]\n\n    \u001b[0m \u001b[90m  9 |\u001b[39m       \u001b[33m.\u001b[39mpost(\u001b[32m'/upload'\u001b[39m)\n     \u001b[90m 10 |\u001b[39m       \u001b[33m.\u001b[39mattach(\u001b[32m'vcv'\u001b[39m\u001b[33m,\u001b[39m \u001b[33mBuffer\u001b[39m\u001b[33m.\u001b[39m\u001b[36mfrom\u001b[39m(\u001b[33mJSON\u001b[39m\u001b[33m.\u001b[39mstringify({ test\u001b[33m:\u001b[39m \u001b[36mtrue\u001b[39m }))\u001b[33m,\u001b[39m \u001b[32m'test.vcv'\u001b[39m)\u001b[33m;\u001b[39m\n    \u001b[31m\u001b[1m>\u001b[22m\u001b[39m\u001b[90m 11 |\u001b[39m     expect([\u001b[35m200\u001b[39m\u001b[33m,\u001b[39m \u001b[35m201\u001b[39m\u001b[33m,\u001b[39m \u001b[35m400\u001b[39m])\u001b[33m.\u001b[39mtoContain(res\u001b[33m.\u001b[39mstatusCode)\u001b[33m;\u001b[39m\n     \u001b[90m    |\u001b[39m                             \u001b[31m\u001b[1m^\u001b[22m\u001b[39m\n     \u001b[90m 12 |\u001b[39m   })\u001b[33m;\u001b[39m\n     \u001b[90m 13 |\u001b[39m })\u001b[33m;\u001b[39m\u001b[0m\n\n      at Object.toContain (__tests__/core.test.js:11:29)\n","name":"C:\\Users\\konhaw\\Desktop\\Uczelnia\\JS\\ProjektJS\\__tests__\\core.test.js","startTime":1765660580088,"status":"failed","summary":""},{"assertionResults":[{"ancestorTitles":["POST /upload"],"duration":21,"failureDetails":[],"failureMessages":[],"fullName":"POST /upload should respond with 400 if no file uploaded (minimal test)","invocations":1,"location":null,"numPassingAsserts":1,"retryReasons":[],"status":"passed","title":"should respond with 400 if no file uploaded (minimal test)"}],"endTime":1765660580475,"message":"","name":"C:\\Users\\konhaw\\Desktop\\Uczelnia\\JS\\ProjektJS\\__tests__\\upload_limits.test.js","startTime":1765660580274,"status":"passed","summary":""},{"assertionResults":[{"ancestorTitles":["Endpoints Extra"],"duration":15,"failureDetails":[],"failureMessages":[],"fullName":"Endpoints Extra GET /download/:id returns 404 for missing patch","invocations":1,"location":null,"numPassingAsserts":1,"retryReasons":[],"status":"passed","title":"GET /download/:id returns 404 for missing patch"}],"endTime":1765660580649,"message":"","name":"C:\\Users\\konhaw\\Desktop\\Uczelnia\\JS\\ProjektJS\\__tests__\\endpoints_extra.test.js","startTime":1765660580479,"status":"passed","summary":""},{"assertionResults":[{"ancestorTitles":["Utils"],"duration":15,"failureDetails":[],"failureMessages":[],"fullName":"Utils GET / responds","invocations":1,"location":null,"numPassingAsserts":1,"retryReasons":[],"status":"passed","title":"GET / responds"}],"endTime":1765660580833,"message":"","name":"C:\\Users\\konhaw\\Desktop\\Uczelnia\\JS\\ProjektJS\\__tests__\\utils.test.js","startTime":1765660580667,"status":"passed","summary":""},{"assertionResults":[{"ancestorTitles":["setupTestDb"],"duration":1,"failureDetails":[],"failureMessages":[],"fullName":"setupTestDb should be a function","invocations":1,"location":null,"numPassingAsserts":1,"retryReasons":[],"status":"passed","title":"should be a function"}],"endTime":1765660580904,"message":"","name":"C:\\Users\\konhaw\\Desktop\\Uczelnia\\JS\\ProjektJS\\__tests__\\setupTestDb.js","startTime":1765660580838,"status":"passed","summary":""},{"assertionResults":[],"coverage":{},"endTime":1765660581501,"message":"  ● Test suite failed to run\n\n    Jest encountered an unexpected token\n\n    Jest failed to parse a file. This happens e.g. when your code or its dependencies use non-standard JavaScript syntax, or when Jest is not configured to support such syntax.\n\n    Out of the box Jest supports Babel, which will be used to transform your files into valid JS based on your Babel configuration.\n\n    By default \"node_modules\" folder is ignored by transformers.\n\n    Here's what you can do:\n     • If you are trying to use ECMAScript Modules, see https://jestjs.io/docs/ecmascript-modules for how to enable it.\n     • If you are trying to use TypeScript, see https://jestjs.io/docs/getting-started#using-typescript\n     • To have some of your \"node_modules\" files transformed, you can specify a custom \"transformIgnorePatterns\" in your config.\n     • If you need a custom transformation specify a \"transform\" option in your config.\n     • If you simply want to mock your non-JS modules (e.g. binary assets) you can stub them out with the \"moduleNameMapper\" config option.\n\n    You'll find more details and examples of these config options in the docs:\n    https://jestjs.io/docs/configuration\n    For information about custom transformations, see:\n    https://jestjs.io/docs/code-transformation\n\n    Details:\n\n    SyntaxError: C:\\Users\\konhaw\\Desktop\\Uczelnia\\JS\\ProjektJS\\__tests__\\permissions.test.js: Unexpected token (36:0)\n\n    \u001b[0m \u001b[90m 34 |\u001b[39m     }\n     \u001b[90m 35 |\u001b[39m   })\u001b[33m;\u001b[39m\n    \u001b[31m\u001b[1m>\u001b[22m\u001b[39m\u001b[90m 36 |\u001b[39m\n     \u001b[90m    |\u001b[39m \u001b[31m\u001b[1m^\u001b[22m\u001b[39m\u001b[0m\n\n      at constructor (node_modules/@babel/parser/src/parse-error.ts:95:45)\n      at Parser.toParseError [as raise] (node_modules/@babel/parser/src/tokenizer/index.ts:1507:19)\n      at Parser.raise [as unexpected] (node_modules/@babel/parser/src/tokenizer/index.ts:1547:16)\n      at Parser.unexpected [as parseExprAtom] (node_modules/@babel/parser/src/parser/expression.ts:1355:22)\n      at Parser.parseExprAtom [as parseExprSubscripts] (node_modules/@babel/parser/src/parser/expression.ts:742:23)\n      at Parser.parseExprSubscripts [as parseUpdate] (node_modules/@babel/parser/src/parser/expression.ts:721:21)\n      at Parser.parseUpdate [as parseMaybeUnary] (node_modules/@babel/parser/src/parser/expression.ts:683:23)\n      at Parser.parseMaybeUnary [as parseMaybeUnaryOrPrivate] (node_modules/@babel/parser/src/parser/expression.ts:417:14)\n      at Parser.parseMaybeUnaryOrPrivate [as parseExprOps] (node_modules/@babel/parser/src/parser/expression.ts:429:23)\n      at Parser.parseExprOps [as parseMaybeConditional] (node_modules/@babel/parser/src/parser/expression.ts:384:23)\n      at Parser.parseMaybeConditional [as parseMaybeAssign] (node_modules/@babel/parser/src/parser/expression.ts:301:21)\n      at Parser.parseMaybeAssign [as parseExpressionBase] (node_modules/@babel/parser/src/parser/expression.ts:226:23)\n      at parseExpressionBase (node_modules/@babel/parser/src/parser/expression.ts:217:39)\n      at Parser.callback [as allowInAnd] (node_modules/@babel/parser/src/parser/expression.ts:3197:16)\n      at Parser.allowInAnd [as parseExpression] (node_modules/@babel/parser/src/parser/expression.ts:217:17)\n      at Parser.parseExpression [as parseStatementContent] (node_modules/@babel/parser/src/parser/statement.ts:688:23)\n      at Parser.parseStatementContent [as parseStatementLike] (node_modules/@babel/parser/src/parser/statement.ts:482:17)\n      at Parser.parseStatementLike [as parseStatementListItem] (node_modules/@babel/parser/src/parser/statement.ts:431:17)\n      at Parser.parseStatementListItem [as parseBlockOrModuleBlockBody] (node_modules/@babel/parser/src/parser/statement.ts:1444:16)\n      at Parser.parseBlockOrModuleBlockBody [as parseBlockBody] (node_modules/@babel/parser/src/parser/statement.ts:1417:10)\n      at Parser.parseBlockBody [as parseBlock] (node_modules/@babel/parser/src/parser/statement.ts:1385:10)\n      at Parser.parseBlock [as parseFunctionBody] (node_modules/@babel/parser/src/parser/expression.ts:2626:24)\n      at Parser.parseFunctionBody [as parseArrowExpression] (node_modules/@babel/parser/src/parser/expression.ts:2563:10)\n      at Parser.parseArrowExpression [as parseParenAndDistinguishExpression] (node_modules/@babel/parser/src/parser/expression.ts:1847:12)\n      at Parser.parseParenAndDistinguishExpression [as parseExprAtom] (node_modules/@babel/parser/src/parser/expression.ts:1170:21)\n      at Parser.parseExprAtom [as parseExprSubscripts] (node_modules/@babel/parser/src/parser/expression.ts:742:23)\n      at Parser.parseExprSubscripts [as parseUpdate] (node_modules/@babel/parser/src/parser/expression.ts:721:21)\n      at Parser.parseUpdate [as parseMaybeUnary] (node_modules/@babel/parser/src/parser/expression.ts:683:23)\n      at Parser.parseMaybeUnary [as parseMaybeUnaryOrPrivate] (node_modules/@babel/parser/src/parser/expression.ts:417:14)\n      at Parser.parseMaybeUnaryOrPrivate [as parseExprOps] (node_modules/@babel/parser/src/parser/expression.ts:429:23)\n      at Parser.parseExprOps [as parseMaybeConditional] (node_modules/@babel/parser/src/parser/expression.ts:384:23)\n      at Parser.parseMaybeConditional [as parseMaybeAssign] (node_modules/@babel/parser/src/parser/expression.ts:301:21)\n      at parseMaybeAssign (node_modules/@babel/parser/src/parser/expression.ts:257:12)\n      at Parser.callback [as allowInAnd] (node_modules/@babel/parser/src/parser/expression.ts:3202:12)\n      at Parser.allowInAnd [as parseMaybeAssignAllowIn] (node_modules/@babel/parser/src/parser/expression.ts:256:17)\n      at Parser.parseMaybeAssignAllowIn [as parseMaybeAssignAllowInOrVoidPattern] (node_modules/@babel/parser/src/parser/expression.ts:3316:17)\n      at Parser.parseMaybeAssignAllowInOrVoidPattern [as parseExprListItem] (node_modules/@babel/parser/src/parser/expression.ts:2798:18)\n      at Parser.parseExprListItem [as parseCallExpressionArguments] (node_modules/@babel/parser/src/parser/expression.ts:1042:14)\n      at Parser.parseCallExpressionArguments [as parseCoverCallAndAsyncArrowHead] (node_modules/@babel/parser/src/parser/expression.ts:922:29)\n      at Parser.parseCoverCallAndAsyncArrowHead [as parseSubscript] (node_modules/@babel/parser/src/parser/expression.ts:804:19)\n      at Parser.parseSubscript [as parseSubscripts] (node_modules/@babel/parser/src/parser/expression.ts:763:19)\n      at Parser.parseSubscripts [as parseExprSubscripts] (node_modules/@babel/parser/src/parser/expression.ts:748:17)\n      at Parser.parseExprSubscripts [as parseUpdate] (node_modules/@babel/parser/src/parser/expression.ts:721:21)\n      at Parser.parseUpdate [as parseMaybeUnary] (node_modules/@babel/parser/src/parser/expression.ts:683:23)\n      at Parser.parseMaybeUnary [as parseMaybeUnaryOrPrivate] (node_modules/@babel/parser/src/parser/expression.ts:417:14)\n      at Parser.parseMaybeUnaryOrPrivate [as parseExprOps] (node_modules/@babel/parser/src/parser/expression.ts:429:23)\n      at Parser.parseExprOps [as parseMaybeConditional] (node_modules/@babel/parser/src/parser/expression.ts:384:23)\n      at Parser.parseMaybeConditional [as parseMaybeAssign] (node_modules/@babel/parser/src/parser/expression.ts:301:21)\n      at Parser.parseMaybeAssign [as parseExpressionBase] (node_modules/@babel/parser/src/parser/expression.ts:226:23)\n      at parseExpressionBase (node_modules/@babel/parser/src/parser/expression.ts:217:39)\n      at Parser.callback [as allowInAnd] (node_modules/@babel/parser/src/parser/expression.ts:3197:16)\n      at Parser.allowInAnd [as parseExpression] (node_modules/@babel/parser/src/parser/expression.ts:217:17)\n      at Parser.parseExpression [as parseStatementContent] (node_modules/@babel/parser/src/parser/statement.ts:688:23)\n      at Parser.parseStatementContent [as parseStatementLike] (node_modules/@babel/parser/src/parser/statement.ts:482:17)\n      at Parser.parseStatementLike [as parseStatementListItem] (node_modules/@babel/parser/src/parser/statement.ts:431:17)\n      at Parser.parseStatementListItem [as parseBlockOrModuleBlockBody] (node_modules/@babel/parser/src/parser/statement.ts:1444:16)\n      at Parser.parseBlockOrModuleBlockBody [as parseBlockBody] (node_modules/@babel/parser/src/parser/statement.ts:1417:10)\n      at Parser.parseBlockBody [as parseBlock] (node_modules/@babel/parser/src/parser/statement.ts:1385:10)\n      at Parser.parseBlock [as parseFunctionBody] (node_modules/@babel/parser/src/parser/expression.ts:2626:24)\n      at Parser.parseFunctionBody [as parseArrowExpression] (node_modules/@babel/parser/src/parser/expression.ts:2563:10)\n      at Parser.parseArrowExpression [as parseParenAndDistinguishExpression] (node_modules/@babel/parser/src/parser/expression.ts:1847:12)\n      at Parser.parseParenAndDistinguishExpression [as parseExprAtom] (node_modules/@babel/parser/src/parser/expression.ts:1170:21)\n      at Parser.parseExprAtom [as parseExprSubscripts] (node_modules/@babel/parser/src/parser/expression.ts:742:23)\n      at Parser.parseExprSubscripts [as parseUpdate] (node_modules/@babel/parser/src/parser/expression.ts:721:21)\n      at Parser.parseUpdate [as parseMaybeUnary] (node_modules/@babel/parser/src/parser/expression.ts:683:23)\n      at Parser.parseMaybeUnary [as parseMaybeUnaryOrPrivate] (node_modules/@babel/parser/src/parser/expression.ts:417:14)\n      at Parser.parseMaybeUnaryOrPrivate [as parseExprOps] (node_modules/@babel/parser/src/parser/expression.ts:429:23)\n      at Parser.parseExprOps [as parseMaybeConditional] (node_modules/@babel/parser/src/parser/expression.ts:384:23)\n      at Parser.parseMaybeConditional [as parseMaybeAssign] (node_modules/@babel/parser/src/parser/expression.ts:301:21)\n      at parseMaybeAssign (node_modules/@babel/parser/src/parser/expression.ts:257:12)\n      at Parser.callback [as allowInAnd] (node_modules/@babel/parser/src/parser/expression.ts:3202:12)\n      at Parser.allowInAnd [as parseMaybeAssignAllowIn] (node_modules/@babel/parser/src/parser/expression.ts:256:17)\n      at Parser.parseMaybeAssignAllowIn [as parseMaybeAssignAllowInOrVoidPattern] (node_modules/@babel/parser/src/parser/expression.ts:3316:17)\n      at Parser.parseMaybeAssignAllowInOrVoidPattern [as parseExprListItem] (node_modules/@babel/parser/src/parser/expression.ts:2798:18)\n      at Parser.parseExprListItem [as parseCallExpressionArguments] (node_modules/@babel/parser/src/parser/expression.ts:1042:14)\n      at Parser.parseCallExpressionArguments [as parseCoverCallAndAsyncArrowHead] (node_modules/@babel/parser/src/parser/expression.ts:922:29)\n      at Parser.parseCoverCallAndAsyncArrowHead [as parseSubscript] (node_modules/@babel/parser/src/parser/expression.ts:804:19)\n      at Parser.parseSubscript [as parseSubscripts] (node_modules/@babel/parser/src/parser/expression.ts:763:19)\n      at Parser.parseSubscripts [as parseExprSubscripts] (node_modules/@babel/parser/src/parser/expression.ts:748:17)\n      at Parser.parseExprSubscripts [as parseUpdate] (node_modules/@babel/parser/src/parser/expression.ts:721:21)\n      at Parser.parseUpdate [as parseMaybeUnary] (node_modules/@babel/parser/src/parser/expression.ts:683:23)\n      at Parser.parseMaybeUnary [as parseMaybeUnaryOrPrivate] (node_modules/@babel/parser/src/parser/expression.ts:417:14)\n      at Parser.parseMaybeUnaryOrPrivate [as parseExprOps] (node_modules/@babel/parser/src/parser/expression.ts:429:23)\n      at Parser.parseExprOps [as parseMaybeConditional] (node_modules/@babel/parser/src/parser/expression.ts:384:23)\n      at Parser.parseMaybeConditional [as parseMaybeAssign] (node_modules/@babel/parser/src/parser/expression.ts:301:21)\n      at Parser.parseMaybeAssign [as parseExpressionBase] (node_modules/@babel/parser/src/parser/expression.ts:226:23)\n      at parseExpressionBase (node_modules/@babel/parser/src/parser/expression.ts:217:39)\n      at Parser.callback [as allowInAnd] (node_modules/@babel/parser/src/parser/expression.ts:3197:16)\n      at Parser.allowInAnd [as parseExpression] (node_modules/@babel/parser/src/parser/expression.ts:217:17)\n      at Parser.parseExpression [as parseStatementContent] (node_modules/@babel/parser/src/parser/statement.ts:688:23)\n      at Parser.parseStatementContent [as parseStatementLike] (node_modules/@babel/parser/src/parser/statement.ts:482:17)\n      at Parser.parseStatementLike [as parseModuleItem] (node_modules/@babel/parser/src/parser/statement.ts:419:17)\n      at Parser.parseModuleItem [as parseBlockOrModuleBlockBody] (node_modules/@babel/parser/src/parser/statement.ts:1443:16)\n      at Parser.parseBlockOrModuleBlockBody [as parseBlockBody] (node_modules/@babel/parser/src/parser/statement.ts:1417:10)\n      at Parser.parseBlockBody [as parseProgram] (node_modules/@babel/parser/src/parser/statement.ts:229:10)\n      at Parser.parseProgram [as parseTopLevel] (node_modules/@babel/parser/src/parser/statement.ts:203:25)\n      at Parser.parseTopLevel [as parse] (node_modules/@babel/parser/src/parser/index.ts:88:25)\n      at parse (node_modules/@babel/parser/src/index.ts:86:38)\n      at parser (node_modules/@babel/core/src/parser/index.ts:29:19)\n          at parser.next (<anonymous>)\n","name":"C:\\Users\\konhaw\\Desktop\\Uczelnia\\JS\\ProjektJS\\__tests__\\permissions.test.js","startTime":1765660581501,"status":"failed","summary":""},{"assertionResults":[],"coverage":{},"endTime":1765660581501,"message":"  ● Test suite failed to run\n\n    Jest encountered an unexpected token\n\n    Jest failed to parse a file. This happens e.g. when your code or its dependencies use non-standard JavaScript syntax, or when Jest is not configured to support such syntax.\n\n    Out of the box Jest supports Babel, which will be used to transform your files into valid JS based on your Babel configuration.\n\n    By default \"node_modules\" folder is ignored by transformers.\n\n    Here's what you can do:\n     • If you are trying to use ECMAScript Modules, see https://jestjs.io/docs/ecmascript-modules for how to enable it.\n     • If you are trying to use TypeScript, see https://jestjs.io/docs/getting-started#using-typescript\n     • To have some of your \"node_modules\" files transformed, you can specify a custom \"transformIgnorePatterns\" in your config.\n     • If you need a custom transformation specify a \"transform\" option in your config.\n     • If you simply want to mock your non-JS modules (e.g. binary assets) you can stub them out with the \"moduleNameMapper\" config option.\n\n    You'll find more details and examples of these config options in the docs:\n    https://jestjs.io/docs/configuration\n    For information about custom transformations, see:\n    https://jestjs.io/docs/code-transformation\n\n    Details:\n\n    SyntaxError: C:\\Users\\konhaw\\Desktop\\Uczelnia\\JS\\ProjektJS\\__tests__\\integration.test.js: Unexpected token (34:2)\n\n    \u001b[0m \u001b[90m 32 |\u001b[39m       database\u001b[33m:\u001b[39m testDbName\n     \u001b[90m 33 |\u001b[39m     })\u001b[33m;\u001b[39m\n    \u001b[31m\u001b[1m>\u001b[22m\u001b[39m\u001b[90m 34 |\u001b[39m   })\u001b[33m;\u001b[39m\n     \u001b[90m    |\u001b[39m   \u001b[31m\u001b[1m^\u001b[22m\u001b[39m\n     \u001b[90m 35 |\u001b[39m\n     \u001b[90m 36 |\u001b[39m   afterAll(\u001b[36masync\u001b[39m () \u001b[33m=>\u001b[39m {\n     \u001b[90m 37 |\u001b[39m     \u001b[36mif\u001b[39m (\u001b[33m!\u001b[39mprocess\u001b[33m.\u001b[39menv\u001b[33m.\u001b[39m\u001b[33mREAL_DB\u001b[39m) \u001b[36mreturn\u001b[39m\u001b[33m;\u001b[39m\u001b[0m\n\n      at constructor (node_modules/@babel/parser/src/parse-error.ts:95:45)\n      at Parser.toParseError [as raise] (node_modules/@babel/parser/src/tokenizer/index.ts:1507:19)\n      at Parser.raise [as unexpected] (node_modules/@babel/parser/src/tokenizer/index.ts:1547:16)\n      at Parser.unexpected [as parseExprAtom] (node_modules/@babel/parser/src/parser/expression.ts:1355:22)\n      at Parser.parseExprAtom [as parseExprSubscripts] (node_modules/@babel/parser/src/parser/expression.ts:742:23)\n      at Parser.parseExprSubscripts [as parseUpdate] (node_modules/@babel/parser/src/parser/expression.ts:721:21)\n      at Parser.parseUpdate [as parseMaybeUnary] (node_modules/@babel/parser/src/parser/expression.ts:683:23)\n      at Parser.parseMaybeUnary [as parseMaybeUnaryOrPrivate] (node_modules/@babel/parser/src/parser/expression.ts:417:14)\n      at Parser.parseMaybeUnaryOrPrivate [as parseExprOps] (node_modules/@babel/parser/src/parser/expression.ts:429:23)\n      at Parser.parseExprOps [as parseMaybeConditional] (node_modules/@babel/parser/src/parser/expression.ts:384:23)\n      at Parser.parseMaybeConditional [as parseMaybeAssign] (node_modules/@babel/parser/src/parser/expression.ts:301:21)\n      at Parser.parseMaybeAssign [as parseExpressionBase] (node_modules/@babel/parser/src/parser/expression.ts:226:23)\n      at parseExpressionBase (node_modules/@babel/parser/src/parser/expression.ts:217:39)\n      at Parser.callback [as allowInAnd] (node_modules/@babel/parser/src/parser/expression.ts:3197:16)\n      at Parser.allowInAnd [as parseExpression] (node_modules/@babel/parser/src/parser/expression.ts:217:17)\n      at Parser.parseExpression [as parseStatementContent] (node_modules/@babel/parser/src/parser/statement.ts:688:23)\n      at Parser.parseStatementContent [as parseStatementLike] (node_modules/@babel/parser/src/parser/statement.ts:482:17)\n      at Parser.parseStatementLike [as parseModuleItem] (node_modules/@babel/parser/src/parser/statement.ts:419:17)\n      at Parser.parseModuleItem [as parseBlockOrModuleBlockBody] (node_modules/@babel/parser/src/parser/statement.ts:1443:16)\n      at Parser.parseBlockOrModuleBlockBody [as parseBlockBody] (node_modules/@babel/parser/src/parser/statement.ts:1417:10)\n      at Parser.parseBlockBody [as parseProgram] (node_modules/@babel/parser/src/parser/statement.ts:229:10)\n      at Parser.parseProgram [as parseTopLevel] (node_modules/@babel/parser/src/parser/statement.ts:203:25)\n      at Parser.parseTopLevel [as parse] (node_modules/@babel/parser/src/parser/index.ts:88:25)\n      at parse (node_modules/@babel/parser/src/index.ts:86:38)\n      at parser (node_modules/@babel/core/src/parser/index.ts:29:19)\n          at parser.next (<anonymous>)\n      at normalizeFile (node_modules/@babel/core/src/transformation/normalize-file.ts:50:24)\n          at normalizeFile.next (<anonymous>)\n      at run (node_modules/@babel/core/src/transformation/index.ts:41:36)\n          at run.next (<anonymous>)\n      at transform (node_modules/@babel/core/src/transform.ts:29:20)\n          at transform.next (<anonymous>)\n      at evaluateSync (node_modules/gensync/index.js:251:28)\n      at sync (node_modules/gensync/index.js:89:14)\n      at fn (node_modules/@babel/core/src/errors/rewrite-stack-trace.ts:99:14)\n      at transformSync (node_modules/@babel/core/src/transform.ts:66:52)\n      at ScriptTransformer.transformSource (node_modules/@jest/transform/build/ScriptTransformer.js:545:31)\n      at ScriptTransformer._transformAndBuildScript (node_modules/@jest/transform/build/ScriptTransformer.js:674:40)\n      at ScriptTransformer.transform (node_modules/@jest/transform/build/ScriptTransformer.js:726:19)\n","name":"C:\\Users\\konhaw\\Desktop\\Uczelnia\\JS\\ProjektJS\\__tests__\\integration.test.js","startTime":1765660581501,"status":"failed","summary":""},{"assertionResults":[],"coverage":{},"endTime":1765660581501,"message":"  ● Test suite failed to run\n\n    Jest encountered an unexpected token\n\n    Jest failed to parse a file. This happens e.g. when your code or its dependencies use non-standard JavaScript syntax, or when Jest is not configured to support such syntax.\n\n    Out of the box Jest supports Babel, which will be used to transform your files into valid JS based on your Babel configuration.\n\n    By default \"node_modules\" folder is ignored by transformers.\n\n    Here's what you can do:\n     • If you are trying to use ECMAScript Modules, see https://jestjs.io/docs/ecmascript-modules for how to enable it.\n     • If you are trying to use TypeScript, see https://jestjs.io/docs/getting-started#using-typescript\n     • To have some of your \"node_modules\" files transformed, you can specify a custom \"transformIgnorePatterns\" in your config.\n     • If you need a custom transformation specify a \"transform\" option in your config.\n     • If you simply want to mock your non-JS modules (e.g. binary assets) you can stub them out with the \"moduleNameMapper\" config option.\n\n    You'll find more details and examples of these config options in the docs:\n    https://jestjs.io/docs/configuration\n    For information about custom transformations, see:\n    https://jestjs.io/docs/code-transformation\n\n    Details:\n\n    SyntaxError: C:\\Users\\konhaw\\Desktop\\Uczelnia\\JS\\ProjektJS\\__tests__\\api.test.js: Unexpected token (27:0)\n\n    \u001b[0m \u001b[90m 25 |\u001b[39m   })\u001b[33m;\u001b[39m\n     \u001b[90m 26 |\u001b[39m })\u001b[33m;\u001b[39m\n    \u001b[31m\u001b[1m>\u001b[22m\u001b[39m\u001b[90m 27 |\u001b[39m })\u001b[33m;\u001b[39m\n     \u001b[90m    |\u001b[39m \u001b[31m\u001b[1m^\u001b[22m\u001b[39m\n     \u001b[90m 28 |\u001b[39m     expect(res\u001b[33m.\u001b[39mstatus)\u001b[33m.\u001b[39mtoBe(\u001b[35m200\u001b[39m)\u001b[33m;\u001b[39m\n     \u001b[90m 29 |\u001b[39m     expect(res\u001b[33m.\u001b[39mbody)\u001b[33m.\u001b[39mtoHaveProperty(\u001b[32m'user_name'\u001b[39m\u001b[33m,\u001b[39m \u001b[32m'apitest'\u001b[39m)\u001b[33m;\u001b[39m\n     \u001b[90m 30 |\u001b[39m   })\u001b[33m;\u001b[39m\u001b[0m\n\n      at constructor (node_modules/@babel/parser/src/parse-error.ts:95:45)\n      at Parser.toParseError [as raise] (node_modules/@babel/parser/src/tokenizer/index.ts:1507:19)\n      at Parser.raise [as unexpected] (node_modules/@babel/parser/src/tokenizer/index.ts:1547:16)\n      at Parser.unexpected [as parseExprAtom] (node_modules/@babel/parser/src/parser/expression.ts:1355:22)\n      at Parser.parseExprAtom [as parseExprSubscripts] (node_modules/@babel/parser/src/parser/expression.ts:742:23)\n      at Parser.parseExprSubscripts [as parseUpdate] (node_modules/@babel/parser/src/parser/expression.ts:721:21)\n      at Parser.parseUpdate [as parseMaybeUnary] (node_modules/@babel/parser/src/parser/expression.ts:683:23)\n      at Parser.parseMaybeUnary [as parseMaybeUnaryOrPrivate] (node_modules/@babel/parser/src/parser/expression.ts:417:14)\n      at Parser.parseMaybeUnaryOrPrivate [as parseExprOps] (node_modules/@babel/parser/src/parser/expression.ts:429:23)\n      at Parser.parseExprOps [as parseMaybeConditional] (node_modules/@babel/parser/src/parser/expression.ts:384:23)\n      at Parser.parseMaybeConditional [as parseMaybeAssign] (node_modules/@babel/parser/src/parser/expression.ts:301:21)\n      at Parser.parseMaybeAssign [as parseExpressionBase] (node_modules/@babel/parser/src/parser/expression.ts:226:23)\n      at parseExpressionBase (node_modules/@babel/parser/src/parser/expression.ts:217:39)\n      at Parser.callback [as allowInAnd] (node_modules/@babel/parser/src/parser/expression.ts:3197:16)\n      at Parser.allowInAnd [as parseExpression] (node_modules/@babel/parser/src/parser/expression.ts:217:17)\n      at Parser.parseExpression [as parseStatementContent] (node_modules/@babel/parser/src/parser/statement.ts:688:23)\n      at Parser.parseStatementContent [as parseStatementLike] (node_modules/@babel/parser/src/parser/statement.ts:482:17)\n      at Parser.parseStatementLike [as parseModuleItem] (node_modules/@babel/parser/src/parser/statement.ts:419:17)\n      at Parser.parseModuleItem [as parseBlockOrModuleBlockBody] (node_modules/@babel/parser/src/parser/statement.ts:1443:16)\n      at Parser.parseBlockOrModuleBlockBody [as parseBlockBody] (node_modules/@babel/parser/src/parser/statement.ts:1417:10)\n      at Parser.parseBlockBody [as parseProgram] (node_modules/@babel/parser/src/parser/statement.ts:229:10)\n      at Parser.parseProgram [as parseTopLevel] (node_modules/@babel/parser/src/parser/statement.ts:203:25)\n      at Parser.parseTopLevel [as parse] (node_modules/@babel/parser/src/parser/index.ts:88:25)\n      at parse (node_modules/@babel/parser/src/index.ts:86:38)\n      at parser (node_modules/@babel/core/src/parser/index.ts:29:19)\n          at parser.next (<anonymous>)\n      at normalizeFile (node_modules/@babel/core/src/transformation/normalize-file.ts:50:24)\n          at normalizeFile.next (<anonymous>)\n      at run (node_modules/@babel/core/src/transformation/index.ts:41:36)\n          at run.next (<anonymous>)\n      at transform (node_modules/@babel/core/src/transform.ts:29:20)\n          at transform.next (<anonymous>)\n      at evaluateSync (node_modules/gensync/index.js:251:28)\n      at sync (node_modules/gensync/index.js:89:14)\n      at fn (node_modules/@babel/core/src/errors/rewrite-stack-trace.ts:99:14)\n      at transformSync (node_modules/@babel/core/src/transform.ts:66:52)\n      at ScriptTransformer.transformSource (node_modules/@jest/transform/build/ScriptTransformer.js:545:31)\n      at ScriptTransformer._transformAndBuildScript (node_modules/@jest/transform/build/ScriptTransformer.js:674:40)\n      at ScriptTransformer.transform (node_modules/@jest/transform/build/ScriptTransformer.js:726:19)\n","name":"C:\\Users\\konhaw\\Desktop\\Uczelnia\\JS\\ProjektJS\\__tests__\\api.test.js","startTime":1765660581501,"status":"failed","summary":""}],"wasInterrupted":false}
